[0.214s] Invoking command in '/home/dynepanch/ros2_ws3/ros2_ws/build/person_msgs': /usr/bin/cmake /home/dynepanch/ros2_ws3/ros2_ws/person_msgs -DCMAKE_INSTALL_PREFIX=/home/dynepanch/ros2_ws3/ros2_ws/install/person_msgs
[0.221s] -- Found ament_cmake: 1.3.2 (/opt/ros/humble/share/ament_cmake/cmake)
[0.345s] -- Found rosidl_default_generators: 1.2.0 (/opt/ros/humble/share/rosidl_default_generators/cmake)
[0.346s] -- Using all available rosidl_typesupport_c: rosidl_typesupport_fastrtps_c;rosidl_typesupport_introspection_c
[0.349s] -- Found rosidl_adapter: 3.1.3 (/opt/ros/humble/share/rosidl_adapter/cmake)
[0.488s] -- Using all available rosidl_typesupport_cpp: rosidl_typesupport_fastrtps_cpp;rosidl_typesupport_introspection_cpp
[0.657s] Error parsing '/home/dynepanch/ros2_ws3/ros2_ws/person_msgs/package.xml':
[0.710s] Traceback (most recent call last):
[0.710s]   File "/usr/lib/python3/dist-packages/catkin_pkg/package.py", line 610, in parse_package_string
[0.711s]     root = dom.parseString(data)
[0.711s]   File "/usr/lib/python3.10/xml/dom/minidom.py", line 1998, in parseString
[0.712s]     return expatbuilder.parseString(string)
[0.713s]   File "/usr/lib/python3.10/xml/dom/expatbuilder.py", line 925, in parseString
[0.713s]     return builder.parseString(string)
[0.713s]   File "/usr/lib/python3.10/xml/dom/expatbuilder.py", line 223, in parseString
[0.714s]     parser.Parse(string, True)
[0.714s] xml.parsers.expat.ExpatError: mismatched tag: line 12, column 47
[0.714s] 
[0.714s] During handling of the above exception, another exception occurred:
[0.714s] 
[0.714s] Traceback (most recent call last):
[0.714s]   File "/opt/ros/humble/share/ament_cmake_core/cmake/core/package_xml_2_cmake.py", line 150, in <module>
[0.714s]     main()
[0.715s]   File "/opt/ros/humble/share/ament_cmake_core/cmake/core/package_xml_2_cmake.py", line 53, in main
[0.715s]     raise e
[0.715s]   File "/opt/ros/humble/share/ament_cmake_core/cmake/core/package_xml_2_cmake.py", line 49, in main
[0.715s]     package = parse_package_string(
[0.715s]   File "/usr/lib/python3/dist-packages/catkin_pkg/package.py", line 612, in parse_package_string
[0.715s]     raise InvalidPackage('The manifest contains invalid XML:\n%s' % ex, filename)
[0.715s] catkin_pkg.package.InvalidPackage: Error(s) in package '/home/dynepanch/ros2_ws3/ros2_ws/person_msgs/package.xml':
[0.715s] The manifest contains invalid XML:
[0.715s] mismatched tag: line 12, column 47
[0.735s] [31mCMake Error at /opt/ros/humble/share/ament_cmake_core/cmake/core/ament_package_xml.cmake:95 (message):
[0.735s]   execute_process(/usr/bin/python3.10
[0.735s]   /opt/ros/humble/share/ament_cmake_core/cmake/core/package_xml_2_cmake.py
[0.736s]   /home/dynepanch/ros2_ws3/ros2_ws/person_msgs/package.xml
[0.736s]   /home/dynepanch/ros2_ws3/ros2_ws/build/person_msgs/ament_cmake_core/package.cmake)
[0.736s]   returned error code 1
[0.736s] Call Stack (most recent call first):
[0.736s]   /opt/ros/humble/share/ament_cmake_core/cmake/core/ament_package_xml.cmake:49 (_ament_package_xml)
[0.736s]   /opt/ros/humble/share/rosidl_cmake/cmake/rosidl_generate_interfaces.cmake:226 (ament_package_xml)
[0.736s]   CMakeLists.txt:12 (rosidl_generate_interfaces)
[0.736s] 
[0.736s] [0m
[0.736s] -- Configuring incomplete, errors occurred!
[0.736s] See also "/home/dynepanch/ros2_ws3/ros2_ws/build/person_msgs/CMakeFiles/CMakeOutput.log".
[0.743s] Invoked command in '/home/dynepanch/ros2_ws3/ros2_ws/build/person_msgs' returned '1': /usr/bin/cmake /home/dynepanch/ros2_ws3/ros2_ws/person_msgs -DCMAKE_INSTALL_PREFIX=/home/dynepanch/ros2_ws3/ros2_ws/install/person_msgs
